{"contracts\\CampaignRegister.sol":{"l":{"46":2,"57":5,"58":4,"59":3,"60":2,"63":1,"64":1,"65":1,"66":0,"69":1,"70":1,"71":1,"72":1,"73":1,"78":1,"79":1,"80":1,"84":1,"88":1,"89":1},"path":"C:/Projects/mimirium/protocol/mimirium-contracts/contracts/CampaignRegister.sol","s":{"1":2,"2":5,"3":4,"4":3,"5":2,"6":1,"7":1,"8":1,"9":0,"10":1,"11":1,"12":1,"13":1,"14":1,"15":1,"16":1,"17":1,"18":1,"19":1},"b":{"1":[4,1],"2":[3,1],"3":[2,1],"4":[1,1],"5":[1,0]},"f":{"1":2,"2":5,"3":1,"4":1,"5":1},"fnMap":{"1":{"name":null,"line":45,"loc":{"start":{"line":45,"column":4},"end":{"line":45,"column":46}}},"2":{"name":"createCampaign","line":49,"loc":{"start":{"line":49,"column":4},"end":{"line":56,"column":26}}},"3":{"name":"getCampaign","line":77,"loc":{"start":{"line":77,"column":4},"end":{"line":77,"column":118}}},"4":{"name":"getCampaignsList","line":83,"loc":{"start":{"line":83,"column":4},"end":{"line":83,"column":60}}},"5":{"name":"generateUniqueId","line":87,"loc":{"start":{"line":87,"column":4},"end":{"line":87,"column":75}}}},"statementMap":{"1":{"start":{"line":46,"column":8},"end":{"line":46,"column":53}},"2":{"start":{"line":57,"column":8},"end":{"line":57,"column":84}},"3":{"start":{"line":58,"column":8},"end":{"line":58,"column":72}},"4":{"start":{"line":59,"column":8},"end":{"line":59,"column":68}},"5":{"start":{"line":60,"column":8},"end":{"line":60,"column":47}},"6":{"start":{"line":63,"column":8},"end":{"line":63,"column":43}},"7":{"start":{"line":64,"column":8},"end":{"line":64,"column":43}},"8":{"start":{"line":65,"column":8},"end":{"line":65,"column":1905}},"9":{"start":{"line":66,"column":12},"end":{"line":66,"column":41}},"10":{"start":{"line":69,"column":8},"end":{"line":69,"column":116}},"11":{"start":{"line":70,"column":8},"end":{"line":70,"column":24}},"12":{"start":{"line":72,"column":8},"end":{"line":72,"column":109}},"13":{"start":{"line":73,"column":8},"end":{"line":73,"column":19}},"14":{"start":{"line":78,"column":8},"end":{"line":78,"column":66}},"15":{"start":{"line":79,"column":8},"end":{"line":79,"column":42}},"16":{"start":{"line":80,"column":8},"end":{"line":80,"column":102}},"17":{"start":{"line":84,"column":8},"end":{"line":84,"column":28}},"18":{"start":{"line":88,"column":8},"end":{"line":88,"column":128}},"19":{"start":{"line":89,"column":8},"end":{"line":89,"column":26}}},"branchMap":{"1":{"line":57,"type":"if","locations":[{"start":{"line":57,"column":8},"end":{"line":57,"column":8}},{"start":{"line":57,"column":8},"end":{"line":57,"column":8}}]},"2":{"line":58,"type":"if","locations":[{"start":{"line":58,"column":8},"end":{"line":58,"column":8}},{"start":{"line":58,"column":8},"end":{"line":58,"column":8}}]},"3":{"line":59,"type":"if","locations":[{"start":{"line":59,"column":8},"end":{"line":59,"column":8}},{"start":{"line":59,"column":8},"end":{"line":59,"column":8}}]},"4":{"line":60,"type":"if","locations":[{"start":{"line":60,"column":8},"end":{"line":60,"column":8}},{"start":{"line":60,"column":8},"end":{"line":60,"column":8}}]},"5":{"line":78,"type":"if","locations":[{"start":{"line":78,"column":8},"end":{"line":78,"column":8}},{"start":{"line":78,"column":8},"end":{"line":78,"column":8}}]}}},"contracts\\CompanyRegister.sol":{"l":{"30":2,"31":2,"32":2,"33":0,"36":2,"37":2,"38":2,"39":2,"40":2,"44":7,"48":1,"49":1,"50":1,"54":2,"58":2,"59":2},"path":"C:/Projects/mimirium/protocol/mimirium-contracts/contracts/CompanyRegister.sol","s":{"1":2,"2":2,"3":2,"4":0,"5":2,"6":2,"7":2,"8":2,"9":7,"10":1,"11":1,"12":1,"13":2,"14":2,"15":2},"b":{"1":[1,0]},"f":{"1":3,"2":2,"3":7,"4":1,"5":2,"6":2},"fnMap":{"1":{"name":null,"line":26,"loc":{"start":{"line":26,"column":4},"end":{"line":26,"column":22}}},"2":{"name":"registerCompany","line":29,"loc":{"start":{"line":29,"column":4},"end":{"line":29,"column":74}}},"3":{"name":"companyExists","line":43,"loc":{"start":{"line":43,"column":4},"end":{"line":43,"column":63}}},"4":{"name":"getCompany","line":47,"loc":{"start":{"line":47,"column":4},"end":{"line":47,"column":107}}},"5":{"name":"getCompaniesList","line":53,"loc":{"start":{"line":53,"column":4},"end":{"line":53,"column":60}}},"6":{"name":"generateUniqueId","line":57,"loc":{"start":{"line":57,"column":4},"end":{"line":57,"column":75}}}},"statementMap":{"1":{"start":{"line":30,"column":8},"end":{"line":30,"column":43}},"2":{"start":{"line":31,"column":8},"end":{"line":31,"column":43}},"3":{"start":{"line":32,"column":8},"end":{"line":32,"column":802}},"4":{"start":{"line":33,"column":12},"end":{"line":33,"column":41}},"5":{"start":{"line":36,"column":8},"end":{"line":36,"column":58}},"6":{"start":{"line":37,"column":8},"end":{"line":37,"column":24}},"7":{"start":{"line":39,"column":8},"end":{"line":39,"column":46}},"8":{"start":{"line":40,"column":8},"end":{"line":40,"column":19}},"9":{"start":{"line":44,"column":8},"end":{"line":44,"column":62}},"10":{"start":{"line":48,"column":8},"end":{"line":48,"column":59}},"11":{"start":{"line":49,"column":8},"end":{"line":49,"column":40}},"12":{"start":{"line":50,"column":8},"end":{"line":50,"column":84}},"13":{"start":{"line":54,"column":8},"end":{"line":54,"column":28}},"14":{"start":{"line":58,"column":8},"end":{"line":58,"column":128}},"15":{"start":{"line":59,"column":8},"end":{"line":59,"column":26}}},"branchMap":{"1":{"line":48,"type":"if","locations":[{"start":{"line":48,"column":8},"end":{"line":48,"column":8}},{"start":{"line":48,"column":8},"end":{"line":48,"column":8}}]}}},"contracts\\MimiriumExchange.sol":{"l":{"18":2,"19":2,"23":1,"24":1,"25":1,"26":1,"30":0,"34":1,"38":1,"42":1,"43":1,"44":1,"45":1,"49":1,"50":1,"51":1,"52":1,"53":1,"54":1,"55":1,"56":1},"path":"C:/Projects/mimirium/protocol/mimirium-contracts/contracts/MimiriumExchange.sol","s":{"1":2,"2":2,"3":1,"4":1,"5":1,"6":1,"7":0,"8":1,"9":1,"10":1,"11":1,"12":1,"13":1,"14":1,"15":1,"16":1,"17":1,"18":1},"b":{"1":[1,0],"2":[1,0],"3":[1,0],"4":[1,0],"5":[1,0],"6":[1,0],"7":[1,0]},"f":{"1":2,"2":1,"3":0,"4":1,"5":1,"6":1,"7":1},"fnMap":{"1":{"name":null,"line":17,"loc":{"start":{"line":17,"column":4},"end":{"line":17,"column":36}}},"2":{"name":"setRate","line":22,"loc":{"start":{"line":22,"column":4},"end":{"line":22,"column":53}}},"3":{"name":null,"line":29,"loc":{"start":{"line":29,"column":4},"end":{"line":29,"column":28}}},"4":{"name":"buy","line":33,"loc":{"start":{"line":33,"column":4},"end":{"line":33,"column":31}}},"5":{"name":"sell","line":37,"loc":{"start":{"line":37,"column":4},"end":{"line":37,"column":44}}},"6":{"name":"_buy","line":41,"loc":{"start":{"line":41,"column":4},"end":{"line":41,"column":64}}},"7":{"name":"_sell","line":48,"loc":{"start":{"line":48,"column":4},"end":{"line":48,"column":64}}}},"statementMap":{"1":{"start":{"line":18,"column":8},"end":{"line":18,"column":36}},"2":{"start":{"line":19,"column":8},"end":{"line":19,"column":15}},"3":{"start":{"line":23,"column":8},"end":{"line":23,"column":59}},"4":{"start":{"line":24,"column":8},"end":{"line":24,"column":54}},"5":{"start":{"line":25,"column":8},"end":{"line":25,"column":40}},"6":{"start":{"line":26,"column":8},"end":{"line":26,"column":22}},"7":{"start":{"line":30,"column":8},"end":{"line":30,"column":34}},"8":{"start":{"line":34,"column":8},"end":{"line":34,"column":34}},"9":{"start":{"line":38,"column":8},"end":{"line":38,"column":38}},"10":{"start":{"line":42,"column":8},"end":{"line":42,"column":55}},"11":{"start":{"line":43,"column":8},"end":{"line":43,"column":49}},"12":{"start":{"line":45,"column":8},"end":{"line":45,"column":62}},"13":{"start":{"line":49,"column":8},"end":{"line":49,"column":65}},"14":{"start":{"line":50,"column":8},"end":{"line":50,"column":49}},"15":{"start":{"line":51,"column":8},"end":{"line":51,"column":100}},"16":{"start":{"line":52,"column":8},"end":{"line":52,"column":130}},"17":{"start":{"line":53,"column":8},"end":{"line":53,"column":73}},"18":{"start":{"line":56,"column":8},"end":{"line":56,"column":57}}},"branchMap":{"1":{"line":23,"type":"if","locations":[{"start":{"line":23,"column":8},"end":{"line":23,"column":8}},{"start":{"line":23,"column":8},"end":{"line":23,"column":8}}]},"2":{"line":24,"type":"if","locations":[{"start":{"line":24,"column":8},"end":{"line":24,"column":8}},{"start":{"line":24,"column":8},"end":{"line":24,"column":8}}]},"3":{"line":42,"type":"if","locations":[{"start":{"line":42,"column":8},"end":{"line":42,"column":8}},{"start":{"line":42,"column":8},"end":{"line":42,"column":8}}]},"4":{"line":49,"type":"if","locations":[{"start":{"line":49,"column":8},"end":{"line":49,"column":8}},{"start":{"line":49,"column":8},"end":{"line":49,"column":8}}]},"5":{"line":51,"type":"if","locations":[{"start":{"line":51,"column":8},"end":{"line":51,"column":8}},{"start":{"line":51,"column":8},"end":{"line":51,"column":8}}]},"6":{"line":52,"type":"if","locations":[{"start":{"line":52,"column":8},"end":{"line":52,"column":8}},{"start":{"line":52,"column":8},"end":{"line":52,"column":8}}]},"7":{"line":53,"type":"if","locations":[{"start":{"line":53,"column":8},"end":{"line":53,"column":8}},{"start":{"line":53,"column":8},"end":{"line":53,"column":8}}]}}},"contracts\\MimiriumToken.sol":{"l":{},"path":"C:/Projects/mimirium/protocol/mimirium-contracts/contracts/MimiriumToken.sol","s":{},"b":{},"f":{"1":5},"fnMap":{"1":{"name":null,"line":10,"loc":{"start":{"line":10,"column":4},"end":{"line":11,"column":53}}}},"statementMap":{},"branchMap":{}},"contracts\\NodeRegister.sol":{"l":{"25":3,"26":2,"34":1,"35":1,"40":2,"41":2,"42":2,"43":2,"44":2,"48":1,"49":1,"50":1,"54":1},"path":"C:/Projects/mimirium/protocol/mimirium-contracts/contracts/NodeRegister.sol","s":{"1":3,"2":1,"3":1,"4":2,"5":2,"6":2,"7":2,"8":1,"9":1,"10":1,"11":1},"b":{"1":[2,1],"2":[1,0]},"f":{"1":3,"2":2,"3":1,"4":2,"5":1,"6":1},"fnMap":{"1":{"name":"onlyWhitelisted","line":24,"loc":{"start":{"line":24,"column":4},"end":{"line":24,"column":28}}},"2":{"name":null,"line":29,"loc":{"start":{"line":29,"column":4},"end":{"line":29,"column":22}}},"3":{"name":"whitelistNode","line":33,"loc":{"start":{"line":33,"column":4},"end":{"line":33,"column":54}}},"4":{"name":"registerNode","line":39,"loc":{"start":{"line":39,"column":4},"end":{"line":39,"column":115}}},"5":{"name":"getNode","line":47,"loc":{"start":{"line":47,"column":4},"end":{"line":47,"column":85}}},"6":{"name":"getNodesList","line":53,"loc":{"start":{"line":53,"column":4},"end":{"line":53,"column":56}}}},"statementMap":{"1":{"start":{"line":25,"column":8},"end":{"line":25,"column":74}},"2":{"start":{"line":34,"column":8},"end":{"line":34,"column":30}},"3":{"start":{"line":35,"column":8},"end":{"line":35,"column":33}},"4":{"start":{"line":40,"column":8},"end":{"line":40,"column":30}},"5":{"start":{"line":41,"column":8},"end":{"line":41,"column":49}},"6":{"start":{"line":42,"column":8},"end":{"line":42,"column":20}},"7":{"start":{"line":44,"column":8},"end":{"line":44,"column":56}},"8":{"start":{"line":48,"column":8},"end":{"line":48,"column":58}},"9":{"start":{"line":49,"column":8},"end":{"line":49,"column":33}},"10":{"start":{"line":50,"column":8},"end":{"line":50,"column":56}},"11":{"start":{"line":54,"column":8},"end":{"line":54,"column":24}}},"branchMap":{"1":{"line":25,"type":"if","locations":[{"start":{"line":25,"column":8},"end":{"line":25,"column":8}},{"start":{"line":25,"column":8},"end":{"line":25,"column":8}}]},"2":{"line":48,"type":"if","locations":[{"start":{"line":48,"column":8},"end":{"line":48,"column":8}},{"start":{"line":48,"column":8},"end":{"line":48,"column":8}}]}}},"contracts\\ProtocolRegister.sol":{"l":{"16":3,"17":3,"18":3,"22":1,"23":1,"27":0,"28":0,"29":0},"path":"C:/Projects/mimirium/protocol/mimirium-contracts/contracts/ProtocolRegister.sol","s":{"1":3,"2":3,"3":3,"4":1,"5":1,"6":0,"7":0,"8":0},"b":{"1":[1,0],"2":[0,0],"3":[0,0]},"f":{"1":2,"2":3,"3":1,"4":0},"fnMap":{"1":{"name":null,"line":12,"loc":{"start":{"line":12,"column":4},"end":{"line":12,"column":22}}},"2":{"name":"registerProtocol","line":15,"loc":{"start":{"line":15,"column":4},"end":{"line":15,"column":83}}},"3":{"name":"getProtocol","line":21,"loc":{"start":{"line":21,"column":4},"end":{"line":21,"column":71}}},"4":{"name":"getContract","line":26,"loc":{"start":{"line":26,"column":4},"end":{"line":26,"column":88}}}},"statementMap":{"1":{"start":{"line":16,"column":8},"end":{"line":16,"column":52}},"2":{"start":{"line":17,"column":8},"end":{"line":17,"column":51}},"3":{"start":{"line":18,"column":8},"end":{"line":18,"column":22}},"4":{"start":{"line":22,"column":8},"end":{"line":22,"column":64}},"5":{"start":{"line":23,"column":8},"end":{"line":23,"column":37}},"6":{"start":{"line":27,"column":8},"end":{"line":27,"column":64}},"7":{"start":{"line":28,"column":8},"end":{"line":28,"column":76}},"8":{"start":{"line":29,"column":8},"end":{"line":29,"column":48}}},"branchMap":{"1":{"line":22,"type":"if","locations":[{"start":{"line":22,"column":8},"end":{"line":22,"column":8}},{"start":{"line":22,"column":8},"end":{"line":22,"column":8}}]},"2":{"line":27,"type":"if","locations":[{"start":{"line":27,"column":8},"end":{"line":27,"column":8}},{"start":{"line":27,"column":8},"end":{"line":27,"column":8}}]},"3":{"line":28,"type":"if","locations":[{"start":{"line":28,"column":8},"end":{"line":28,"column":8}},{"start":{"line":28,"column":8},"end":{"line":28,"column":8}}]}}},"contracts\\Versionable.sol":{"l":{"8":14},"path":"C:/Projects/mimirium/protocol/mimirium-contracts/contracts/Versionable.sol","s":{"1":14},"b":{},"f":{"1":14},"fnMap":{"1":{"name":null,"line":7,"loc":{"start":{"line":7,"column":4},"end":{"line":7,"column":24}}}},"statementMap":{"1":{"start":{"line":8,"column":8},"end":{"line":8,"column":18}}},"branchMap":{}}}